[debug] [2021-02-28T10:26:53.316Z] ----------------------------------------------------------------------
[debug] [2021-02-28T10:26:53.318Z] Command:       /home/armanken/.nvm/versions/node/v15.9.0/bin/node /home/armanken/.nvm/versions/node/v15.9.0/bin/firebase functions:shell
[debug] [2021-02-28T10:26:53.319Z] CLI Version:   9.5.0
[debug] [2021-02-28T10:26:53.319Z] Platform:      linux
[debug] [2021-02-28T10:26:53.319Z] Node Version:  v15.9.0
[debug] [2021-02-28T10:26:53.319Z] Time:          Sun Feb 28 2021 13:26:53 GMT+0300 (GMT+03:00)
[debug] [2021-02-28T10:26:53.319Z] ----------------------------------------------------------------------
[debug] [2021-02-28T10:26:53.319Z] 
[debug] [2021-02-28T10:26:53.324Z] > command requires scopes: ["email","openid","https://www.googleapis.com/auth/cloudplatformprojects.readonly","https://www.googleapis.com/auth/firebase","https://www.googleapis.com/auth/cloud-platform"]
[debug] [2021-02-28T10:26:53.325Z] > authorizing via signed-in user
[debug] [2021-02-28T10:26:53.325Z] [iam] checking project material-ui-course-efc24 for permissions ["firebase.projects.get"]
[debug] [2021-02-28T10:26:53.327Z] >>> HTTP REQUEST POST https://cloudresourcemanager.googleapis.com/v1/projects/material-ui-course-efc24:testIamPermissions  
 {"permissions":["firebase.projects.get"]}
[debug] [2021-02-28T10:26:54.722Z] <<< HTTP RESPONSE 200 {"content-type":"application/json; charset=UTF-8","vary":"X-Origin, Referer, Origin,Accept-Encoding","date":"Sun, 28 Feb 2021 10:26:54 GMT","server":"ESF","cache-control":"private","x-xss-protection":"0","x-frame-options":"SAMEORIGIN","x-content-type-options":"nosniff","server-timing":"gfet4t7; dur=786","alt-svc":"h3-29=\":443\"; ma=2592000,h3-T051=\":443\"; ma=2592000,h3-Q050=\":443\"; ma=2592000,h3-Q046=\":443\"; ma=2592000,h3-Q043=\":443\"; ma=2592000,quic=\":443\"; ma=2592000; v=\"46,43\"","accept-ranges":"none","transfer-encoding":"chunked"}
[warn] ⚠  Your requested "node" version "12" doesn't match your global version "15" {"metadata":{"emulator":{"name":"functions"},"message":"Your requested \"node\" version \"12\" doesn't match your global version \"15\""}}
[debug] [2021-02-28T10:26:54.752Z] defaultcredentials: writing to file /home/armanken/.config/firebase/alikemalagirman_gmail_com_application_default_credentials.json
[debug] [2021-02-28T10:26:54.753Z] DEBUG: Setting GAC to /home/armanken/.config/firebase/alikemalagirman_gmail_com_application_default_credentials.json
[debug] [2021-02-28T10:26:54.755Z] > refreshing access token with scopes: []
[debug] [2021-02-28T10:26:54.755Z] >>> HTTP REQUEST POST https://www.googleapis.com/oauth2/v3/token  
 <request body omitted>
[debug] [2021-02-28T10:26:55.335Z] <<< HTTP RESPONSE 200 {"expires":"Mon, 01 Jan 1990 00:00:00 GMT","date":"Sun, 28 Feb 2021 10:26:55 GMT","pragma":"no-cache","cache-control":"no-cache, no-store, max-age=0, must-revalidate","content-type":"application/json; charset=utf-8","vary":"X-Origin, Referer, Origin,Accept-Encoding","server":"scaffolding on HTTPServer2","x-xss-protection":"0","x-frame-options":"SAMEORIGIN","x-content-type-options":"nosniff","alt-svc":"h3-29=\":443\"; ma=2592000,h3-T051=\":443\"; ma=2592000,h3-Q050=\":443\"; ma=2592000,h3-Q046=\":443\"; ma=2592000,h3-Q043=\":443\"; ma=2592000,quic=\":443\"; ma=2592000; v=\"46,43\"","accept-ranges":"none","transfer-encoding":"chunked"}
[debug] [2021-02-28T10:26:55.393Z] >>> [apiv2][query] GET https://firebase.googleapis.com/v1beta1/projects/material-ui-course-efc24/adminSdkConfig [none]
[debug] [2021-02-28T10:26:56.779Z] <<< [apiv2][status] GET https://firebase.googleapis.com/v1beta1/projects/material-ui-course-efc24/adminSdkConfig 200
[debug] [2021-02-28T10:26:56.780Z] <<< [apiv2][body] GET https://firebase.googleapis.com/v1beta1/projects/material-ui-course-efc24/adminSdkConfig {"projectId":"material-ui-course-efc24","storageBucket":"material-ui-course-efc24.appspot.com"}
[debug] [2021-02-28T10:26:56.863Z] [functions] Watching "/home/armanken/Masaüstü/m3/functions" for Cloud Functions...
[debug] [2021-02-28T10:26:56.882Z] DEBUG: [worker-pool] addWorker(~diagnostic~)
[debug] [2021-02-28T10:26:56.883Z] DEBUG: [worker-pool] Adding worker with key ~diagnostic~, total=1
[debug] [2021-02-28T10:26:56.883Z] DEBUG: [worker-pool] submitWork(triggerId=)
[debug] [2021-02-28T10:26:56.883Z] DEBUG: [worker-~diagnostic~-3d3ad43a-64f9-489e-b1b1-06d612e83691]: Assigning socketPath: /tmp/fire_emu_6515.sock
[debug] [2021-02-28T10:26:56.884Z] DEBUG: [worker-~diagnostic~-3d3ad43a-64f9-489e-b1b1-06d612e83691]: BUSY
[debug] [2021-02-28T10:26:57.007Z] DEBUG: [runtime-status] [6515] Functions runtime initialized. {"cwd":"/home/armanken/Masaüstü/m3/functions","node_version":"15.9.0"}
[debug] [2021-02-28T10:26:57.009Z] DEBUG: [runtime-status] [6515] Disabled runtime features: undefined
[debug] [2021-02-28T10:26:57.010Z] DEBUG: [runtime-status] [6515] Resolved module firebase-admin {"declared":true,"installed":true,"version":"9.5.0","resolution":"/home/armanken/Masaüstü/m3/functions/node_modules/firebase-admin/lib/index.js"}
[debug] [2021-02-28T10:26:57.012Z] DEBUG: [runtime-status] [6515] Resolved module firebase-functions {"declared":true,"installed":true,"version":"3.13.2","resolution":"/home/armanken/Masaüstü/m3/functions/node_modules/firebase-functions/lib/index.js"}
[debug] [2021-02-28T10:26:57.012Z] DEBUG: [runtime-status] [6515] Resolved module firebase-functions {"declared":true,"installed":true,"version":"3.13.2","resolution":"/home/armanken/Masaüstü/m3/functions/node_modules/firebase-functions/lib/index.js"}
[debug] [2021-02-28T10:26:57.014Z] DEBUG: [runtime-status] [6515] Outgoing network have been stubbed. [{"name":"http","status":"mocked"},{"name":"http","status":"mocked"},{"name":"https","status":"mocked"},{"name":"https","status":"mocked"},{"name":"net","status":"mocked"}]
[debug] [2021-02-28T10:26:57.015Z] DEBUG: [runtime-status] [6515] Resolved module firebase-functions {"declared":true,"installed":true,"version":"3.13.2","resolution":"/home/armanken/Masaüstü/m3/functions/node_modules/firebase-functions/lib/index.js"}
[debug] [2021-02-28T10:26:57.349Z] DEBUG: [runtime-status] [6515] Checked functions.config() {"config":{}}
[debug] [2021-02-28T10:26:57.351Z] DEBUG: [runtime-status] [6515] firebase-functions has been stubbed. {"functionsResolution":{"declared":true,"installed":true,"version":"3.13.2","resolution":"/home/armanken/Masaüstü/m3/functions/node_modules/firebase-functions/lib/index.js"}}
[debug] [2021-02-28T10:26:57.355Z] DEBUG: [runtime-status] [6515] Resolved module firebase-functions {"declared":true,"installed":true,"version":"3.13.2","resolution":"/home/armanken/Masaüstü/m3/functions/node_modules/firebase-functions/lib/index.js"}
[debug] [2021-02-28T10:26:57.358Z] DEBUG: [runtime-status] [6515] Resolved module firebase-admin {"declared":true,"installed":true,"version":"9.5.0","resolution":"/home/armanken/Masaüstü/m3/functions/node_modules/firebase-admin/lib/index.js"}
[debug] [2021-02-28T10:26:57.361Z] DEBUG: [runtime-status] [6515] Resolved module firebase-functions {"declared":true,"installed":true,"version":"3.13.2","resolution":"/home/armanken/Masaüstü/m3/functions/node_modules/firebase-functions/lib/index.js"}
[debug] [2021-02-28T10:26:57.361Z] DEBUG: [runtime-status] [6515] firebase-admin has been stubbed. {"adminResolution":{"declared":true,"installed":true,"version":"9.5.0","resolution":"/home/armanken/Masaüstü/m3/functions/node_modules/firebase-admin/lib/index.js"}}
[debug] [2021-02-28T10:26:57.444Z] DEBUG: [runtime-status] [6515] initializeApp(DEFAULT) {"storageBucket":"material-ui-course-efc24.appspot.com","projectId":"material-ui-course-efc24"}
[warn] ⚠  It looks like you're trying to access functions.config().user but there is no value there. You can learn more about setting up config here: https://firebase.google.com/docs/functions/local-emulator {"metadata":{"emulator":{"name":"functions"},"message":"It looks like you're trying to access functions.config().user but there is no value there. You can learn more about setting up config here: https://firebase.google.com/docs/functions/local-emulator"}}
[warn] ⚠  TypeError: Cannot read property 'email' of undefined
    at Object.<anonymous> (/home/armanken/Masaüstü/m3/functions/index.js:13:28)
    at Module._compile (node:internal/modules/cjs/loader:1091:14)
    at Object.Module._extensions..js (node:internal/modules/cjs/loader:1120:10)
    at Module.load (node:internal/modules/cjs/loader:971:32)
    at Function.Module._load (node:internal/modules/cjs/loader:812:14)
    at Module.require (node:internal/modules/cjs/loader:995:19)
    at require (node:internal/modules/cjs/helpers:92:18)
    at initializeRuntime (/home/armanken/.nvm/versions/node/v15.9.0/lib/node_modules/firebase-tools/lib/emulator/functionsEmulatorRuntime.js:678:29)
    at processTicksAndRejections (node:internal/process/task_queues:94:5)
    at async handleMessage (/home/armanken/.nvm/versions/node/v15.9.0/lib/node_modules/firebase-tools/lib/emulator/functionsEmulatorRuntime.js:716:20) {"metadata":{"emulator":{"name":"functions"},"message":"TypeError: Cannot read property 'email' of undefined\n    at Object.<anonymous> (/home/armanken/Masaüstü/m3/functions/index.js:13:28)\n    at Module._compile (node:internal/modules/cjs/loader:1091:14)\n    at Object.Module._extensions..js (node:internal/modules/cjs/loader:1120:10)\n    at Module.load (node:internal/modules/cjs/loader:971:32)\n    at Function.Module._load (node:internal/modules/cjs/loader:812:14)\n    at Module.require (node:internal/modules/cjs/loader:995:19)\n    at require (node:internal/modules/cjs/helpers:92:18)\n    at initializeRuntime (/home/armanken/.nvm/versions/node/v15.9.0/lib/node_modules/firebase-tools/lib/emulator/functionsEmulatorRuntime.js:678:29)\n    at processTicksAndRejections (node:internal/process/task_queues:94:5)\n    at async handleMessage (/home/armanken/.nvm/versions/node/v15.9.0/lib/node_modules/firebase-tools/lib/emulator/functionsEmulatorRuntime.js:716:20)"}}
[warn] ⚠  We were unable to load your functions code. (see above) {"metadata":{"emulator":{"name":"functions"}}}
[debug] [2021-02-28T10:26:57.460Z] DEBUG: [worker-~diagnostic~-3d3ad43a-64f9-489e-b1b1-06d612e83691]: exited
[debug] [2021-02-28T10:26:57.460Z] DEBUG: [worker-~diagnostic~-3d3ad43a-64f9-489e-b1b1-06d612e83691]: FINISHED
